2019-11-20T05:25:12Z 




2019-11-20T05:25:12Z Bitcoin Core version v0.18.1 (release build)
2019-11-20T05:25:12Z Assuming ancestors of block 0000000000000000000f1c54590ee18d15ec70e68c8cd4cfbadb1b4f11697eee have valid signatures.
2019-11-20T05:25:12Z Setting nMinimumChainWork=0000000000000000000000000000000000000000051dc8b82f450202ecb3d471
2019-11-20T05:25:12Z Using the 'shani(1way,2way)' SHA256 implementation
2019-11-20T05:25:12Z Using RdSeed as additional entropy source
2019-11-20T05:25:12Z Using RdRand as an additional entropy source
2019-11-20T05:25:12Z Default data directory /home/feilong/.bitcoin
2019-11-20T05:25:12Z Using data directory /home/feilong/projects/blockchain-simulation/bin/./tmp/btc/manual
2019-11-20T05:25:12Z Warning: The specified config file /home/feilong/projects/blockchain-simulation/bin/./tmp/btc/manual/~/projects/blockchain-simulation/bitcoin.conf does not exist

2019-11-20T05:25:12Z Using at most 125 automatic connections (1024 file descriptors available)
2019-11-20T05:25:12Z Warning: relative datadir option './tmp/btc/manual' specified, which will be interpreted relative to the current working directory '/home/feilong/projects/blockchain-simulation/bin'. This is fragile, because if bitcoin is started in the future from a different location, it will be unable to locate the current data files. There could also be data loss if bitcoin is started while in a temporary directory.
2019-11-20T05:25:12Z Using 16 MiB out of 32/2 requested for signature cache, able to store 524288 elements
2019-11-20T05:25:12Z Using 16 MiB out of 32/2 requested for script execution cache, able to store 524288 elements
2019-11-20T05:25:12Z Using 12 threads for script verification
2019-11-20T05:25:12Z scheduler thread start
2019-11-20T05:25:12Z HTTP: creating work queue of depth 16
2019-11-20T05:25:12Z No rpcpassword set - using random cookie authentication.
2019-11-20T05:25:12Z Generated RPC authentication cookie /home/feilong/projects/blockchain-simulation/bin/./tmp/btc/manual/.cookie
2019-11-20T05:25:12Z HTTP: starting 4 worker threads
2019-11-20T05:25:12Z Using wallet directory /home/feilong/projects/blockchain-simulation/bin/./tmp/btc/manual
2019-11-20T05:25:12Z init message: Verifying wallet(s)...
2019-11-20T05:25:12Z Using BerkeleyDB version Berkeley DB 5.3.28: (September  9, 2013)
2019-11-20T05:25:12Z Using wallet /home/feilong/projects/blockchain-simulation/bin/./tmp/btc/manual
2019-11-20T05:25:12Z BerkeleyEnvironment::Open: LogDir=/home/feilong/projects/blockchain-simulation/bin/./tmp/btc/manual/database ErrorFile=/home/feilong/projects/blockchain-simulation/bin/./tmp/btc/manual/db.log
2019-11-20T05:25:12Z init message: Loading banlist...
2019-11-20T05:25:12Z ERROR: DeserializeFileDB: Failed to open file /home/feilong/projects/blockchain-simulation/bin/./tmp/btc/manual/banlist.dat
2019-11-20T05:25:12Z Invalid or missing banlist.dat; recreating
2019-11-20T05:25:12Z Cache configuration:
2019-11-20T05:25:12Z * Using 2.0 MiB for block index database
2019-11-20T05:25:12Z * Using 8.0 MiB for chain state database
2019-11-20T05:25:12Z * Using 440.0 MiB for in-memory UTXO set (plus up to 286.1 MiB of unused mempool space)
2019-11-20T05:25:12Z init message: Loading block index...
2019-11-20T05:25:12Z Opening LevelDB in /home/feilong/projects/blockchain-simulation/bin/./tmp/btc/manual/blocks/index
2019-11-20T05:25:12Z Opened LevelDB successfully
2019-11-20T05:25:12Z Using obfuscation key for /home/feilong/projects/blockchain-simulation/bin/./tmp/btc/manual/blocks/index: 0000000000000000
2019-11-20T05:25:12Z LoadBlockIndexDB: last block file = 0
2019-11-20T05:25:12Z LoadBlockIndexDB: last block file info: CBlockFileInfo(blocks=0, size=0, heights=0...0, time=1970-01-01...1970-01-01)
2019-11-20T05:25:12Z Checking all blk files are present...
2019-11-20T05:25:12Z Initializing databases...
2019-11-20T05:25:12Z Pre-allocating up to position 0x1000000 in blk00000.dat
2019-11-20T05:25:12Z Opening LevelDB in /home/feilong/projects/blockchain-simulation/bin/./tmp/btc/manual/chainstate
2019-11-20T05:25:12Z Opened LevelDB successfully
2019-11-20T05:25:12Z Wrote new obfuscate key for /home/feilong/projects/blockchain-simulation/bin/./tmp/btc/manual/chainstate: b31f8263b24ddf11
2019-11-20T05:25:12Z Using obfuscation key for /home/feilong/projects/blockchain-simulation/bin/./tmp/btc/manual/chainstate: b31f8263b24ddf11
2019-11-20T05:25:12Z init message: Rewinding blocks...
2019-11-20T05:25:12Z  block index              11ms
2019-11-20T05:25:12Z init message: Loading wallet...
2019-11-20T05:25:12Z BerkeleyEnvironment::Open: LogDir=/home/feilong/projects/blockchain-simulation/bin/./tmp/btc/manual/database ErrorFile=/home/feilong/projects/blockchain-simulation/bin/./tmp/btc/manual/db.log
2019-11-20T05:25:12Z [default wallet] nFileVersion = 180100
2019-11-20T05:25:12Z [default wallet] Keys: 0 plaintext, 0 encrypted, 0 w/ metadata, 0 total. Unknown wallet records: 0
2019-11-20T05:25:12Z [default wallet] Performing wallet upgrade to 169900
2019-11-20T05:25:13Z [default wallet] keypool added 2000 keys (1000 internal), size=2000 (1000 internal)
2019-11-20T05:25:13Z [default wallet] Wallet completed loading in             840ms
2019-11-20T05:25:13Z [default wallet] setKeyPool.size() = 2000
2019-11-20T05:25:13Z [default wallet] mapWallet.size() = 0
2019-11-20T05:25:13Z [default wallet] mapAddressBook.size() = 0
2019-11-20T05:25:13Z UpdateTip: new best=000000000019d6689c085ae165831e934ff763ae46a2a6c172b3f1b60a8ce26f height=0 version=0x00000001 log2_work=32.000022 tx=1 date='2009-01-03T18:15:05Z' progress=0.000000 cache=0.0MiB(0txo)
2019-11-20T05:25:13Z mapBlockIndex.size() = 1
2019-11-20T05:25:13Z nBestHeight = 0
2019-11-20T05:25:13Z Failed to open mempool file from disk. Continuing anyway.
2019-11-20T05:25:13Z torcontrol thread start
2019-11-20T05:25:13Z Bound to [::]:8333
2019-11-20T05:25:13Z Bound to 0.0.0.0:8333
2019-11-20T05:25:13Z init message: Loading P2P addresses...
2019-11-20T05:25:13Z ERROR: DeserializeFileDB: Failed to open file /home/feilong/projects/blockchain-simulation/bin/./tmp/btc/manual/peers.dat
2019-11-20T05:25:13Z Invalid or missing peers.dat; recreating
2019-11-20T05:25:13Z init message: Starting network threads...
2019-11-20T05:25:13Z net thread start
2019-11-20T05:25:13Z dnsseed thread start
2019-11-20T05:25:13Z Loading addresses from DNS seeds (could take a while)
2019-11-20T05:25:13Z addcon thread start
2019-11-20T05:25:13Z opencon thread start
2019-11-20T05:25:13Z init message: Done loading
2019-11-20T05:25:13Z msghand thread start
2019-11-20T05:25:13Z New outbound peer connected: version: 70015, blocks=604593, peer=0
2019-11-20T05:25:21Z New outbound peer connected: version: 70015, blocks=604593, peer=2
2019-11-20T05:25:22Z New outbound peer connected: version: 70015, blocks=604593, peer=3
2019-11-20T05:25:24Z tor: Thread interrupt
2019-11-20T05:25:24Z Shutdown: In progress...
2019-11-20T05:25:24Z addcon thread exit
2019-11-20T05:25:24Z torcontrol thread exit
2019-11-20T05:25:24Z net thread exit
2019-11-20T05:25:24Z 257 addresses found from DNS seeds
2019-11-20T05:25:24Z dnsseed thread exit
2019-11-20T05:25:24Z msghand thread exit
2019-11-20T05:25:28Z opencon thread exit
2019-11-20T05:25:28Z scheduler thread interrupt
2019-11-20T05:25:28Z Dumped mempool: 2e-06s to copy, 0.001728s to dump
2019-11-20T05:25:28Z [default wallet] Releasing wallet
2019-11-20T05:25:28Z Shutdown: done
2019-11-20T05:34:28Z 




2019-11-20T05:34:28Z Bitcoin Core version v0.18.1 (release build)
2019-11-20T05:34:28Z Assuming ancestors of block 0000000000000000000f1c54590ee18d15ec70e68c8cd4cfbadb1b4f11697eee have valid signatures.
2019-11-20T05:34:28Z Setting nMinimumChainWork=0000000000000000000000000000000000000000051dc8b82f450202ecb3d471
2019-11-20T05:34:28Z Using the 'shani(1way,2way)' SHA256 implementation
2019-11-20T05:34:28Z Using RdSeed as additional entropy source
2019-11-20T05:34:28Z Using RdRand as an additional entropy source
2019-11-20T05:34:28Z Default data directory /home/feilong/.bitcoin
2019-11-20T05:34:28Z Using data directory /home/feilong/projects/blockchain-simulation/bin/./tmp/btc/manual
2019-11-20T05:34:28Z Config file: /home/feilong/projects/blockchain-simulation/bin/./tmp/btc/manual/bitcoin.conf (not found, skipping)
2019-11-20T05:34:28Z Using at most 125 automatic connections (1024 file descriptors available)
2019-11-20T05:34:28Z Warning: relative datadir option './tmp/btc/manual' specified, which will be interpreted relative to the current working directory '/home/feilong/projects/blockchain-simulation/bin'. This is fragile, because if bitcoin is started in the future from a different location, it will be unable to locate the current data files. There could also be data loss if bitcoin is started while in a temporary directory.
2019-11-20T05:34:28Z Using 16 MiB out of 32/2 requested for signature cache, able to store 524288 elements
2019-11-20T05:34:28Z Using 16 MiB out of 32/2 requested for script execution cache, able to store 524288 elements
2019-11-20T05:34:28Z Using 12 threads for script verification
2019-11-20T05:34:28Z scheduler thread start
2019-11-20T05:34:28Z HTTP: creating work queue of depth 16
2019-11-20T05:34:28Z Config options rpcuser and rpcpassword will soon be deprecated. Locally-run instances may remove rpcuser to use cookie-based auth, or may be replaced with rpcauth. Please see share/rpcauth for rpcauth auth generation.
2019-11-20T05:34:28Z HTTP: starting 4 worker threads
2019-11-20T05:34:28Z Using wallet directory /home/feilong/projects/blockchain-simulation/bin/./tmp/btc/manual
2019-11-20T05:34:28Z init message: Verifying wallet(s)...
2019-11-20T05:34:28Z Using BerkeleyDB version Berkeley DB 5.3.28: (September  9, 2013)
2019-11-20T05:34:28Z Using wallet /home/feilong/projects/blockchain-simulation/bin/./tmp/btc/manual
2019-11-20T05:34:28Z BerkeleyEnvironment::Open: LogDir=/home/feilong/projects/blockchain-simulation/bin/./tmp/btc/manual/database ErrorFile=/home/feilong/projects/blockchain-simulation/bin/./tmp/btc/manual/db.log
2019-11-20T05:34:28Z init message: Loading banlist...
2019-11-20T05:34:28Z Cache configuration:
2019-11-20T05:34:28Z * Using 2.0 MiB for block index database
2019-11-20T05:34:28Z * Using 8.0 MiB for chain state database
2019-11-20T05:34:28Z * Using 440.0 MiB for in-memory UTXO set (plus up to 286.1 MiB of unused mempool space)
2019-11-20T05:34:28Z init message: Loading block index...
2019-11-20T05:34:28Z Opening LevelDB in /home/feilong/projects/blockchain-simulation/bin/./tmp/btc/manual/blocks/index
2019-11-20T05:34:28Z Opened LevelDB successfully
2019-11-20T05:34:28Z Using obfuscation key for /home/feilong/projects/blockchain-simulation/bin/./tmp/btc/manual/blocks/index: 0000000000000000
2019-11-20T05:34:28Z LoadBlockIndexDB: last block file = 0
2019-11-20T05:34:28Z LoadBlockIndexDB: last block file info: CBlockFileInfo(blocks=1, size=293, heights=0...0, time=2009-01-03...2009-01-03)
2019-11-20T05:34:28Z Checking all blk files are present...
2019-11-20T05:34:28Z Opening LevelDB in /home/feilong/projects/blockchain-simulation/bin/./tmp/btc/manual/chainstate
2019-11-20T05:34:28Z Opened LevelDB successfully
2019-11-20T05:34:28Z Using obfuscation key for /home/feilong/projects/blockchain-simulation/bin/./tmp/btc/manual/chainstate: b31f8263b24ddf11
2019-11-20T05:34:28Z Loaded best chain: hashBestChain=000000000019d6689c085ae165831e934ff763ae46a2a6c172b3f1b60a8ce26f height=0 date=2009-01-03T18:15:05Z progress=0.000000
2019-11-20T05:34:28Z init message: Rewinding blocks...
2019-11-20T05:34:28Z init message: Verifying blocks...
2019-11-20T05:34:28Z  block index             386ms
2019-11-20T05:34:28Z init message: Loading wallet...
2019-11-20T05:34:28Z BerkeleyEnvironment::Open: LogDir=/home/feilong/projects/blockchain-simulation/bin/./tmp/btc/manual/database ErrorFile=/home/feilong/projects/blockchain-simulation/bin/./tmp/btc/manual/db.log
2019-11-20T05:34:28Z [default wallet] nFileVersion = 180100
2019-11-20T05:34:28Z [default wallet] Keys: 2001 plaintext, 0 encrypted, 2001 w/ metadata, 2001 total. Unknown wallet records: 0
2019-11-20T05:34:28Z [default wallet] Wallet completed loading in              16ms
2019-11-20T05:34:28Z [default wallet] setKeyPool.size() = 2000
2019-11-20T05:34:28Z [default wallet] mapWallet.size() = 0
2019-11-20T05:34:28Z [default wallet] mapAddressBook.size() = 0
2019-11-20T05:34:28Z mapBlockIndex.size() = 100001
2019-11-20T05:34:28Z nBestHeight = 0
2019-11-20T05:34:28Z torcontrol thread start
2019-11-20T05:34:28Z Imported mempool transactions from disk: 0 succeeded, 0 failed, 0 expired, 0 already there
2019-11-20T05:34:28Z Bound to [::]:8333
2019-11-20T05:34:28Z Bound to 0.0.0.0:8333
2019-11-20T05:34:28Z init message: Loading P2P addresses...
2019-11-20T05:34:28Z Loaded 1948 addresses from peers.dat  2ms
2019-11-20T05:34:28Z init message: Starting network threads...
2019-11-20T05:34:28Z net thread start
2019-11-20T05:34:28Z addcon thread start
2019-11-20T05:34:28Z opencon thread start
2019-11-20T05:34:28Z dnsseed thread start
2019-11-20T05:34:28Z init message: Done loading
2019-11-20T05:34:28Z msghand thread start
2019-11-20T05:34:29Z New outbound peer connected: version: 70015, blocks=604594, peer=0
2019-11-20T05:34:30Z New outbound peer connected: version: 70015, blocks=604594, peer=1
2019-11-20T05:34:30Z New outbound peer connected: version: 70015, blocks=604594, peer=2
2019-11-20T05:34:32Z [default wallet] keypool reserve 1
2019-11-20T05:34:32Z [default wallet] keypool keep 1
2019-11-20T05:34:36Z tor: Thread interrupt
2019-11-20T05:34:36Z Shutdown: In progress...
2019-11-20T05:34:36Z dnsseed thread exit
2019-11-20T05:34:36Z torcontrol thread exit
2019-11-20T05:34:36Z addcon thread exit
2019-11-20T05:34:36Z net thread exit
2019-11-20T05:34:36Z msghand thread exit
2019-11-20T05:34:37Z opencon thread exit
2019-11-20T05:34:37Z scheduler thread interrupt
2019-11-20T05:34:37Z Dumped mempool: 3e-06s to copy, 0.001234s to dump
2019-11-20T05:34:37Z [default wallet] Releasing wallet
2019-11-20T05:34:37Z Shutdown: done
2019-11-20T05:35:04Z 




2019-11-20T05:35:04Z Bitcoin Core version v0.18.1 (release build)
2019-11-20T05:35:04Z Assuming ancestors of block 0000000000000000000f1c54590ee18d15ec70e68c8cd4cfbadb1b4f11697eee have valid signatures.
2019-11-20T05:35:04Z Setting nMinimumChainWork=0000000000000000000000000000000000000000051dc8b82f450202ecb3d471
2019-11-20T05:35:04Z Using the 'shani(1way,2way)' SHA256 implementation
2019-11-20T05:35:04Z Using RdSeed as additional entropy source
2019-11-20T05:35:04Z Using RdRand as an additional entropy source
2019-11-20T05:35:04Z Default data directory /home/feilong/.bitcoin
2019-11-20T05:35:04Z Using data directory /home/feilong/projects/blockchain-simulation/bin/./tmp/btc/manual
2019-11-20T05:35:04Z Config file: /home/feilong/projects/blockchain-simulation/bin/./tmp/btc/manual/bitcoin.conf (not found, skipping)
2019-11-20T05:35:04Z Using at most 125 automatic connections (1024 file descriptors available)
2019-11-20T05:35:04Z Warning: relative datadir option './tmp/btc/manual' specified, which will be interpreted relative to the current working directory '/home/feilong/projects/blockchain-simulation/bin'. This is fragile, because if bitcoin is started in the future from a different location, it will be unable to locate the current data files. There could also be data loss if bitcoin is started while in a temporary directory.
2019-11-20T05:35:04Z Using 16 MiB out of 32/2 requested for signature cache, able to store 524288 elements
2019-11-20T05:35:04Z Using 16 MiB out of 32/2 requested for script execution cache, able to store 524288 elements
2019-11-20T05:35:04Z Using 12 threads for script verification
2019-11-20T05:35:04Z scheduler thread start
2019-11-20T05:35:04Z HTTP: creating work queue of depth 16
2019-11-20T05:35:04Z Config options rpcuser and rpcpassword will soon be deprecated. Locally-run instances may remove rpcuser to use cookie-based auth, or may be replaced with rpcauth. Please see share/rpcauth for rpcauth auth generation.
2019-11-20T05:35:04Z HTTP: starting 4 worker threads
2019-11-20T05:35:04Z Using wallet directory /home/feilong/projects/blockchain-simulation/bin/./tmp/btc/manual
2019-11-20T05:35:04Z init message: Verifying wallet(s)...
2019-11-20T05:35:04Z Using BerkeleyDB version Berkeley DB 5.3.28: (September  9, 2013)
2019-11-20T05:35:04Z Using wallet /home/feilong/projects/blockchain-simulation/bin/./tmp/btc/manual
2019-11-20T05:35:04Z BerkeleyEnvironment::Open: LogDir=/home/feilong/projects/blockchain-simulation/bin/./tmp/btc/manual/database ErrorFile=/home/feilong/projects/blockchain-simulation/bin/./tmp/btc/manual/db.log
2019-11-20T05:35:04Z init message: Loading banlist...
2019-11-20T05:35:04Z Cache configuration:
2019-11-20T05:35:04Z * Using 2.0 MiB for block index database
2019-11-20T05:35:04Z * Using 8.0 MiB for chain state database
2019-11-20T05:35:04Z * Using 440.0 MiB for in-memory UTXO set (plus up to 286.1 MiB of unused mempool space)
2019-11-20T05:35:04Z init message: Loading block index...
2019-11-20T05:35:04Z Opening LevelDB in /home/feilong/projects/blockchain-simulation/bin/./tmp/btc/manual/blocks/index
2019-11-20T05:35:04Z Opened LevelDB successfully
2019-11-20T05:35:04Z Using obfuscation key for /home/feilong/projects/blockchain-simulation/bin/./tmp/btc/manual/blocks/index: 0000000000000000
2019-11-20T05:35:04Z LoadBlockIndexDB: last block file = 0
2019-11-20T05:35:04Z LoadBlockIndexDB: last block file info: CBlockFileInfo(blocks=1, size=293, heights=0...0, time=2009-01-03...2009-01-03)
2019-11-20T05:35:04Z Checking all blk files are present...
2019-11-20T05:35:04Z Opening LevelDB in /home/feilong/projects/blockchain-simulation/bin/./tmp/btc/manual/chainstate
2019-11-20T05:35:04Z Opened LevelDB successfully
2019-11-20T05:35:04Z Using obfuscation key for /home/feilong/projects/blockchain-simulation/bin/./tmp/btc/manual/chainstate: b31f8263b24ddf11
2019-11-20T05:35:04Z Loaded best chain: hashBestChain=000000000019d6689c085ae165831e934ff763ae46a2a6c172b3f1b60a8ce26f height=0 date=2009-01-03T18:15:05Z progress=0.000000
2019-11-20T05:35:04Z init message: Rewinding blocks...
2019-11-20T05:35:04Z init message: Verifying blocks...
2019-11-20T05:35:04Z  block index             560ms
2019-11-20T05:35:04Z init message: Loading wallet...
2019-11-20T05:35:04Z BerkeleyEnvironment::Open: LogDir=/home/feilong/projects/blockchain-simulation/bin/./tmp/btc/manual/database ErrorFile=/home/feilong/projects/blockchain-simulation/bin/./tmp/btc/manual/db.log
2019-11-20T05:35:04Z [default wallet] nFileVersion = 180100
2019-11-20T05:35:04Z [default wallet] Keys: 2001 plaintext, 0 encrypted, 2001 w/ metadata, 2001 total. Unknown wallet records: 0
2019-11-20T05:35:04Z [default wallet] Wallet completed loading in              16ms
2019-11-20T05:35:04Z [default wallet] keypool added 1 keys (0 internal), size=2000 (1000 internal)
2019-11-20T05:35:04Z [default wallet] setKeyPool.size() = 2000
2019-11-20T05:35:04Z [default wallet] mapWallet.size() = 0
2019-11-20T05:35:04Z [default wallet] mapAddressBook.size() = 1
2019-11-20T05:35:04Z mapBlockIndex.size() = 170000
2019-11-20T05:35:04Z nBestHeight = 0
2019-11-20T05:35:04Z Bound to [::]:8333
2019-11-20T05:35:04Z Bound to 0.0.0.0:8333
2019-11-20T05:35:04Z init message: Loading P2P addresses...
2019-11-20T05:35:04Z torcontrol thread start
2019-11-20T05:35:04Z Imported mempool transactions from disk: 0 succeeded, 0 failed, 0 expired, 0 already there
2019-11-20T05:35:04Z Loaded 1948 addresses from peers.dat  1ms
2019-11-20T05:35:04Z init message: Starting network threads...
2019-11-20T05:35:04Z net thread start
2019-11-20T05:35:04Z opencon thread start
2019-11-20T05:35:04Z addcon thread start
2019-11-20T05:35:04Z msghand thread start
2019-11-20T05:35:04Z init message: Done loading
2019-11-20T05:35:04Z dnsseed thread start
2019-11-20T05:35:05Z New outbound peer connected: version: 70015, blocks=604595, peer=0
2019-11-20T05:35:06Z New outbound peer connected: version: 70015, blocks=604595, peer=1
2019-11-20T05:35:09Z tor: Thread interrupt
2019-11-20T05:35:09Z Shutdown: In progress...
2019-11-20T05:35:09Z addcon thread exit
2019-11-20T05:35:09Z dnsseed thread exit
2019-11-20T05:35:09Z torcontrol thread exit
2019-11-20T05:35:09Z net thread exit
2019-11-20T05:35:10Z msghand thread exit
2019-11-20T05:35:11Z opencon thread exit
2019-11-20T05:35:11Z scheduler thread interrupt
2019-11-20T05:35:11Z Dumped mempool: 3e-06s to copy, 0.001645s to dump
2019-11-20T05:35:11Z [default wallet] Releasing wallet
2019-11-20T05:35:11Z Shutdown: done
